This is pdfTeX, Version 3.14159265-2.6-1.40.21 (TeX Live 2020/W32TeX) (preloaded format=pdflatex 2021.1.13)  24 JAN 2021 13:34
entering extended mode
 restricted \write18 enabled.
 %&-line parsing enabled.
**SESSION4-SUMMARY.tex
(./SESSION4-SUMMARY.tex
LaTeX2e <2020-10-01> patch level 4
L3 programming layer <2021-01-09> xparse <2020-03-03>
(c:/Users/Victor Miguel Terron/AppData/Roaming/TinyTeX/texmf-dist/tex/latex/bas
e/article.cls
Document Class: article 2020/04/10 v1.4m Standard LaTeX document class

(c:/Users/Victor Miguel Terron/AppData/Roaming/TinyTeX/texmf-dist/tex/latex/bas
e/size10.clo
File: size10.clo 2020/04/10 v1.4m Standard LaTeX file (size option)
)
\c@part=\count177
\c@section=\count178
\c@subsection=\count179
\c@subsubsection=\count180
\c@paragraph=\count181
\c@subparagraph=\count182
\c@figure=\count183
\c@table=\count184
\abovecaptionskip=\skip47
\belowcaptionskip=\skip48
\bibindent=\dimen138
)
(c:/Users/Victor Miguel Terron/AppData/Roaming/TinyTeX/texmf-dist/tex/latex/lm/
lmodern.sty
Package: lmodern 2009/10/30 v1.6 Latin Modern Fonts
LaTeX Font Info:    Overwriting symbol font `operators' in version `normal'
(Font)                  OT1/cmr/m/n --> OT1/lmr/m/n on input line 22.
LaTeX Font Info:    Overwriting symbol font `letters' in version `normal'
(Font)                  OML/cmm/m/it --> OML/lmm/m/it on input line 23.
LaTeX Font Info:    Overwriting symbol font `symbols' in version `normal'
(Font)                  OMS/cmsy/m/n --> OMS/lmsy/m/n on input line 24.
LaTeX Font Info:    Overwriting symbol font `largesymbols' in version `normal'
(Font)                  OMX/cmex/m/n --> OMX/lmex/m/n on input line 25.
LaTeX Font Info:    Overwriting symbol font `operators' in version `bold'
(Font)                  OT1/cmr/bx/n --> OT1/lmr/bx/n on input line 26.
LaTeX Font Info:    Overwriting symbol font `letters' in version `bold'
(Font)                  OML/cmm/b/it --> OML/lmm/b/it on input line 27.
LaTeX Font Info:    Overwriting symbol font `symbols' in version `bold'
(Font)                  OMS/cmsy/b/n --> OMS/lmsy/b/n on input line 28.
LaTeX Font Info:    Overwriting symbol font `largesymbols' in version `bold'
(Font)                  OMX/cmex/m/n --> OMX/lmex/m/n on input line 29.
LaTeX Font Info:    Overwriting math alphabet `\mathbf' in version `normal'
(Font)                  OT1/cmr/bx/n --> OT1/lmr/bx/n on input line 31.
LaTeX Font Info:    Overwriting math alphabet `\mathsf' in version `normal'
(Font)                  OT1/cmss/m/n --> OT1/lmss/m/n on input line 32.
LaTeX Font Info:    Overwriting math alphabet `\mathit' in version `normal'
(Font)                  OT1/cmr/m/it --> OT1/lmr/m/it on input line 33.
LaTeX Font Info:    Overwriting math alphabet `\mathtt' in version `normal'
(Font)                  OT1/cmtt/m/n --> OT1/lmtt/m/n on input line 34.
LaTeX Font Info:    Overwriting math alphabet `\mathbf' in version `bold'
(Font)                  OT1/cmr/bx/n --> OT1/lmr/bx/n on input line 35.
LaTeX Font Info:    Overwriting math alphabet `\mathsf' in version `bold'
(Font)                  OT1/cmss/bx/n --> OT1/lmss/bx/n on input line 36.
LaTeX Font Info:    Overwriting math alphabet `\mathit' in version `bold'
(Font)                  OT1/cmr/bx/it --> OT1/lmr/bx/it on input line 37.
LaTeX Font Info:    Overwriting math alphabet `\mathtt' in version `bold'
(Font)                  OT1/cmtt/m/n --> OT1/lmtt/m/n on input line 38.
)
(c:/Users/Victor Miguel Terron/AppData/Roaming/TinyTeX/texmf-dist/tex/latex/ams
fonts/amssymb.sty
Package: amssymb 2013/01/14 v3.01 AMS font symbols

(c:/Users/Victor Miguel Terron/AppData/Roaming/TinyTeX/texmf-dist/tex/latex/ams
fonts/amsfonts.sty
Package: amsfonts 2013/01/14 v3.01 Basic AMSFonts support
\@emptytoks=\toks15
\symAMSa=\mathgroup4
\symAMSb=\mathgroup5
LaTeX Font Info:    Redeclaring math symbol \hbar on input line 98.
LaTeX Font Info:    Overwriting math alphabet `\mathfrak' in version `bold'
(Font)                  U/euf/m/n --> U/euf/b/n on input line 106.
))
(c:/Users/Victor Miguel Terron/AppData/Roaming/TinyTeX/texmf-dist/tex/latex/ams
math/amsmath.sty
Package: amsmath 2020/09/23 v2.17i AMS math features
\@mathmargin=\skip49
For additional information on amsmath, use the `?' option.

(c:/Users/Victor Miguel Terron/AppData/Roaming/TinyTeX/texmf-dist/tex/latex/ams
math/amstext.sty
Package: amstext 2000/06/29 v2.01 AMS text

(c:/Users/Victor Miguel Terron/AppData/Roaming/TinyTeX/texmf-dist/tex/latex/ams
math/amsgen.sty
File: amsgen.sty 1999/11/30 v2.0 generic functions
\@emptytoks=\toks16
\ex@=\dimen139
))
(c:/Users/Victor Miguel Terron/AppData/Roaming/TinyTeX/texmf-dist/tex/latex/ams
math/amsbsy.sty
Package: amsbsy 1999/11/29 v1.2d Bold Symbols
\pmbraise@=\dimen140
)
(c:/Users/Victor Miguel Terron/AppData/Roaming/TinyTeX/texmf-dist/tex/latex/ams
math/amsopn.sty
Package: amsopn 2016/03/08 v2.02 operator names
)
\inf@bad=\count185
LaTeX Info: Redefining \frac on input line 234.
\uproot@=\count186
\leftroot@=\count187
LaTeX Info: Redefining \overline on input line 399.
\classnum@=\count188
\DOTSCASE@=\count189
LaTeX Info: Redefining \ldots on input line 496.
LaTeX Info: Redefining \dots on input line 499.
LaTeX Info: Redefining \cdots on input line 620.
\Mathstrutbox@=\box47
\strutbox@=\box48
\big@size=\dimen141
LaTeX Font Info:    Redeclaring font encoding OML on input line 743.
LaTeX Font Info:    Redeclaring font encoding OMS on input line 744.
\macc@depth=\count190
\c@MaxMatrixCols=\count191
\dotsspace@=\muskip16
\c@parentequation=\count192
\dspbrk@lvl=\count193
\tag@help=\toks17
\row@=\count194
\column@=\count195
\maxfields@=\count196
\andhelp@=\toks18
\eqnshift@=\dimen142
\alignsep@=\dimen143
\tagshift@=\dimen144
\tagwidth@=\dimen145
\totwidth@=\dimen146
\lineht@=\dimen147
\@envbody=\toks19
\multlinegap=\skip50
\multlinetaggap=\skip51
\mathdisplay@stack=\toks20
LaTeX Info: Redefining \[ on input line 2923.
LaTeX Info: Redefining \] on input line 2924.
)
(c:/Users/Victor Miguel Terron/AppData/Roaming/TinyTeX/texmf-dist/tex/generic/i
ftex/ifxetex.sty
Package: ifxetex 2019/10/25 v0.7 ifxetex legacy package. Use iftex instead.

(c:/Users/Victor Miguel Terron/AppData/Roaming/TinyTeX/texmf-dist/tex/generic/i
ftex/iftex.sty
Package: iftex 2020/03/06 v1.0d TeX engine tests
))
(c:/Users/Victor Miguel Terron/AppData/Roaming/TinyTeX/texmf-dist/tex/generic/i
ftex/ifluatex.sty
Package: ifluatex 2019/10/25 v1.5 ifluatex legacy package. Use iftex instead.
)
(c:/Users/Victor Miguel Terron/AppData/Roaming/TinyTeX/texmf-dist/tex/latex/bas
e/fontenc.sty
Package: fontenc 2020/08/10 v2.0s Standard LaTeX package
LaTeX Font Info:    Trying to load font information for T1+lmr on input line 11
2.

(c:/Users/Victor Miguel Terron/AppData/Roaming/TinyTeX/texmf-dist/tex/latex/lm/
t1lmr.fd
File: t1lmr.fd 2009/10/30 v1.6 Font defs for Latin Modern
))
(c:/Users/Victor Miguel Terron/AppData/Roaming/TinyTeX/texmf-dist/tex/latex/bas
e/inputenc.sty
Package: inputenc 2020/08/01 v1.3d Input encoding file
\inpenc@prehook=\toks21
\inpenc@posthook=\toks22
)
(c:/Users/Victor Miguel Terron/AppData/Roaming/TinyTeX/texmf-dist/tex/latex/bas
e/textcomp.sty
Package: textcomp 2020/02/02 v2.0n Standard LaTeX package
)
(c:/Users/Victor Miguel Terron/AppData/Roaming/TinyTeX/texmf-dist/tex/latex/xco
lor/xcolor.sty
Package: xcolor 2016/05/11 v2.12 LaTeX color extensions (UK)

(c:/Users/Victor Miguel Terron/AppData/Roaming/TinyTeX/texmf-dist/tex/latex/gra
phics-cfg/color.cfg
File: color.cfg 2016/01/02 v1.6 sample color configuration
)
Package xcolor Info: Driver file: pdftex.def on input line 225.

(c:/Users/Victor Miguel Terron/AppData/Roaming/TinyTeX/texmf-dist/tex/latex/gra
phics-def/pdftex.def
File: pdftex.def 2020/10/05 v1.2a Graphics/color driver for pdftex
)
Package xcolor Info: Model `cmy' substituted by `cmy0' on input line 1348.
Package xcolor Info: Model `hsb' substituted by `rgb' on input line 1352.
Package xcolor Info: Model `RGB' extended on input line 1364.
Package xcolor Info: Model `HTML' substituted by `rgb' on input line 1366.
Package xcolor Info: Model `Hsb' substituted by `hsb' on input line 1367.
Package xcolor Info: Model `tHsb' substituted by `hsb' on input line 1368.
Package xcolor Info: Model `HSB' substituted by `hsb' on input line 1369.
Package xcolor Info: Model `Gray' substituted by `gray' on input line 1370.
Package xcolor Info: Model `wave' substituted by `hsb' on input line 1371.
)
(c:/Users/Victor Miguel Terron/AppData/Roaming/TinyTeX/texmf-dist/tex/latex/hyp
erref/hyperref.sty
Package: hyperref 2020-05-15 v7.00e Hypertext links for LaTeX

(c:/Users/Victor Miguel Terron/AppData/Roaming/TinyTeX/texmf-dist/tex/generic/l
txcmds/ltxcmds.sty
Package: ltxcmds 2020-05-10 v1.25 LaTeX kernel commands for general use (HO)
)
(c:/Users/Victor Miguel Terron/AppData/Roaming/TinyTeX/texmf-dist/tex/generic/p
dftexcmds/pdftexcmds.sty
Package: pdftexcmds 2020-06-27 v0.33 Utility functions of pdfTeX for LuaTeX (HO
)

(c:/Users/Victor Miguel Terron/AppData/Roaming/TinyTeX/texmf-dist/tex/generic/i
nfwarerr/infwarerr.sty
Package: infwarerr 2019/12/03 v1.5 Providing info/warning/error messages (HO)
)
Package pdftexcmds Info: \pdf@primitive is available.
Package pdftexcmds Info: \pdf@ifprimitive is available.
Package pdftexcmds Info: \pdfdraftmode found.
)
(c:/Users/Victor Miguel Terron/AppData/Roaming/TinyTeX/texmf-dist/tex/latex/gra
phics/keyval.sty
Package: keyval 2014/10/28 v1.15 key=value parser (DPC)
\KV@toks@=\toks23
)
(c:/Users/Victor Miguel Terron/AppData/Roaming/TinyTeX/texmf-dist/tex/generic/k
vsetkeys/kvsetkeys.sty
Package: kvsetkeys 2019/12/15 v1.18 Key value parser (HO)
)
(c:/Users/Victor Miguel Terron/AppData/Roaming/TinyTeX/texmf-dist/tex/generic/k
vdefinekeys/kvdefinekeys.sty
Package: kvdefinekeys 2019-12-19 v1.6 Define keys (HO)
)
(c:/Users/Victor Miguel Terron/AppData/Roaming/TinyTeX/texmf-dist/tex/generic/p
dfescape/pdfescape.sty
Package: pdfescape 2019/12/09 v1.15 Implements pdfTeX's escape features (HO)
)
(c:/Users/Victor Miguel Terron/AppData/Roaming/TinyTeX/texmf-dist/tex/latex/hyc
olor/hycolor.sty
Package: hycolor 2020-01-27 v1.10 Color options for hyperref/bookmark (HO)
)
(c:/Users/Victor Miguel Terron/AppData/Roaming/TinyTeX/texmf-dist/tex/latex/let
ltxmacro/letltxmacro.sty
Package: letltxmacro 2019/12/03 v1.6 Let assignment for LaTeX macros (HO)
)
(c:/Users/Victor Miguel Terron/AppData/Roaming/TinyTeX/texmf-dist/tex/latex/aux
hook/auxhook.sty
Package: auxhook 2019-12-17 v1.6 Hooks for auxiliary files (HO)
)
(c:/Users/Victor Miguel Terron/AppData/Roaming/TinyTeX/texmf-dist/tex/latex/kvo
ptions/kvoptions.sty
Package: kvoptions 2020-10-07 v3.14 Key value format for package options (HO)
)
\@linkdim=\dimen148
\Hy@linkcounter=\count197
\Hy@pagecounter=\count198

(c:/Users/Victor Miguel Terron/AppData/Roaming/TinyTeX/texmf-dist/tex/latex/hyp
erref/pd1enc.def
File: pd1enc.def 2020-05-15 v7.00e Hyperref: PDFDocEncoding definition (HO)
Now handling font encoding PD1 ...
... no UTF-8 mapping file for font encoding PD1
)
(c:/Users/Victor Miguel Terron/AppData/Roaming/TinyTeX/texmf-dist/tex/generic/i
ntcalc/intcalc.sty
Package: intcalc 2019/12/15 v1.3 Expandable calculations with integers (HO)
)
(c:/Users/Victor Miguel Terron/AppData/Roaming/TinyTeX/texmf-dist/tex/generic/e
texcmds/etexcmds.sty
Package: etexcmds 2019/12/15 v1.7 Avoid name clashes with e-TeX commands (HO)
)
\Hy@SavedSpaceFactor=\count199
Package hyperref Info: Option `unicode' set `true' on input line 4338.

(c:/Users/Victor Miguel Terron/AppData/Roaming/TinyTeX/texmf-dist/tex/latex/hyp
erref/puenc.def
File: puenc.def 2020-05-15 v7.00e Hyperref: PDF Unicode definition (HO)
Now handling font encoding PU ...
... no UTF-8 mapping file for font encoding PU
)
Package hyperref Info: Hyper figures OFF on input line 4464.
Package hyperref Info: Link nesting OFF on input line 4469.
Package hyperref Info: Hyper index ON on input line 4472.
Package hyperref Info: Plain pages OFF on input line 4479.
Package hyperref Info: Backreferencing OFF on input line 4484.
Package hyperref Info: Implicit mode ON; LaTeX internals redefined.
Package hyperref Info: Bookmarks ON on input line 4717.
\c@Hy@tempcnt=\count266

(c:/Users/Victor Miguel Terron/AppData/Roaming/TinyTeX/texmf-dist/tex/latex/url
/url.sty
\Urlmuskip=\muskip17
Package: url 2013/09/16  ver 3.4  Verb mode for urls, etc.
)
LaTeX Info: Redefining \url on input line 5076.
\XeTeXLinkMargin=\dimen149

(c:/Users/Victor Miguel Terron/AppData/Roaming/TinyTeX/texmf-dist/tex/generic/b
itset/bitset.sty
Package: bitset 2019/12/09 v1.3 Handle bit-vector datatype (HO)

(c:/Users/Victor Miguel Terron/AppData/Roaming/TinyTeX/texmf-dist/tex/generic/b
igintcalc/bigintcalc.sty
Package: bigintcalc 2019/12/15 v1.5 Expandable calculations on big integers (HO
)
))
\Fld@menulength=\count267
\Field@Width=\dimen150
\Fld@charsize=\dimen151
Package hyperref Info: Hyper figures OFF on input line 6347.
Package hyperref Info: Link nesting OFF on input line 6352.
Package hyperref Info: Hyper index ON on input line 6355.
Package hyperref Info: backreferencing OFF on input line 6362.
Package hyperref Info: Link coloring OFF on input line 6367.
Package hyperref Info: Link coloring with OCG OFF on input line 6372.
Package hyperref Info: PDF/A mode OFF on input line 6377.
LaTeX Info: Redefining \ref on input line 6417.
LaTeX Info: Redefining \pageref on input line 6421.

(c:/Users/Victor Miguel Terron/AppData/Roaming/TinyTeX/texmf-dist/tex/latex/bas
e/atbegshi-ltx.sty
Package: atbegshi-ltx 2020/08/17 v1.0a Emulation of the original atbegshi packa
ge
with kernel methods
)
\Hy@abspage=\count268
\c@Item=\count269
\c@Hfootnote=\count270
)
Package hyperref Info: Driver (autodetected): hpdftex.

(c:/Users/Victor Miguel Terron/AppData/Roaming/TinyTeX/texmf-dist/tex/latex/hyp
erref/hpdftex.def
File: hpdftex.def 2020-05-15 v7.00e Hyperref driver for pdfTeX

(c:/Users/Victor Miguel Terron/AppData/Roaming/TinyTeX/texmf-dist/tex/latex/bas
e/atveryend-ltx.sty
Package: atveryend-ltx 2020/08/19 v1.0a Emulation of the original atvery packag
e
with kernel methods
)
\Fld@listcount=\count271
\c@bookmark@seq@number=\count272

(c:/Users/Victor Miguel Terron/AppData/Roaming/TinyTeX/texmf-dist/tex/latex/rer
unfilecheck/rerunfilecheck.sty
Package: rerunfilecheck 2019/12/05 v1.9 Rerun checks for auxiliary files (HO)

(c:/Users/Victor Miguel Terron/AppData/Roaming/TinyTeX/texmf-dist/tex/generic/u
niquecounter/uniquecounter.sty
Package: uniquecounter 2019/12/15 v1.4 Provide unlimited unique counter (HO)
)
Package uniquecounter Info: New unique counter `rerunfilecheck' on input line 2
86.
)
\Hy@SectionHShift=\skip52
)
(c:/Users/Victor Miguel Terron/AppData/Roaming/TinyTeX/texmf-dist/tex/latex/geo
metry/geometry.sty
Package: geometry 2020/01/02 v5.9 Page Geometry

(c:/Users/Victor Miguel Terron/AppData/Roaming/TinyTeX/texmf-dist/tex/generic/i
ftex/ifvtex.sty
Package: ifvtex 2019/10/25 v1.7 ifvtex legacy package. Use iftex instead.
)
\Gm@cnth=\count273
\Gm@cntv=\count274
\c@Gm@tempcnt=\count275
\Gm@bindingoffset=\dimen152
\Gm@wd@mp=\dimen153
\Gm@odd@mp=\dimen154
\Gm@even@mp=\dimen155
\Gm@layoutwidth=\dimen156
\Gm@layoutheight=\dimen157
\Gm@layouthoffset=\dimen158
\Gm@layoutvoffset=\dimen159
\Gm@dimlist=\toks24
)
(c:/Users/Victor Miguel Terron/AppData/Roaming/TinyTeX/texmf-dist/tex/latex/fan
cyvrb/fancyvrb.sty
Package: fancyvrb 2021/01/20 v3.7 verbatim text (tvz,hv)
\FV@CodeLineNo=\count276
\FV@InFile=\read2
\FV@TabBox=\box49
\c@FancyVerbLine=\count277
\FV@StepNumber=\count278
\FV@OutFile=\write3
)
(c:/Users/Victor Miguel Terron/AppData/Roaming/TinyTeX/texmf-dist/tex/latex/fra
med/framed.sty
Package: framed 2011/10/22 v 0.96: framed or shaded text with page breaks
\OuterFrameSep=\skip53
\fb@frw=\dimen160
\fb@frh=\dimen161
\FrameRule=\dimen162
\FrameSep=\dimen163
)
(c:/Users/Victor Miguel Terron/AppData/Roaming/TinyTeX/texmf-dist/tex/latex/too
ls/longtable.sty
Package: longtable 2020/01/07 v4.13 Multi-page Table package (DPC)
\LTleft=\skip54
\LTright=\skip55
\LTpre=\skip56
\LTpost=\skip57
\LTchunksize=\count279
\LTcapwidth=\dimen164
\LT@head=\box50
\LT@firsthead=\box51
\LT@foot=\box52
\LT@lastfoot=\box53
\LT@cols=\count280
\LT@rows=\count281
\c@LT@tables=\count282
\c@LT@chunks=\count283
\LT@p@ftn=\toks25
)
(c:/Users/Victor Miguel Terron/AppData/Roaming/TinyTeX/texmf-dist/tex/latex/boo
ktabs/booktabs.sty
Package: booktabs 2020/01/12 v1.61803398 Publication quality tables
\heavyrulewidth=\dimen165
\lightrulewidth=\dimen166
\cmidrulewidth=\dimen167
\belowrulesep=\dimen168
\belowbottomsep=\dimen169
\aboverulesep=\dimen170
\abovetopsep=\dimen171
\cmidrulesep=\dimen172
\cmidrulekern=\dimen173
\defaultaddspace=\dimen174
\@cmidla=\count284
\@cmidlb=\count285
\@aboverulesep=\dimen175
\@belowrulesep=\dimen176
\@thisruleclass=\count286
\@lastruleclass=\count287
\@thisrulewidth=\dimen177
)
(c:/Users/Victor Miguel Terron/AppData/Roaming/TinyTeX/texmf-dist/tex/latex/eto
olbox/etoolbox.sty
Package: etoolbox 2020/10/05 v2.5k e-TeX tools for LaTeX (JAW)
\etb@tempcnta=\count288
)
(c:/Users/Victor Miguel Terron/AppData/Roaming/TinyTeX/texmf-dist/tex/latex/mdw
tools/footnote.sty
Package: footnote 1997/01/28 1.13 Save footnotes around boxes
\fn@notes=\box54
\fn@width=\dimen178
)
(c:/Users/Victor Miguel Terron/AppData/Roaming/TinyTeX/texmf-dist/tex/latex/gra
phics/graphicx.sty
Package: graphicx 2020/09/09 v1.2b Enhanced LaTeX Graphics (DPC,SPQR)

(c:/Users/Victor Miguel Terron/AppData/Roaming/TinyTeX/texmf-dist/tex/latex/gra
phics/graphics.sty
Package: graphics 2020/08/30 v1.4c Standard LaTeX Graphics (DPC,SPQR)

(c:/Users/Victor Miguel Terron/AppData/Roaming/TinyTeX/texmf-dist/tex/latex/gra
phics/trig.sty
Package: trig 2016/01/03 v1.10 sin cos tan (DPC)
)
(c:/Users/Victor Miguel Terron/AppData/Roaming/TinyTeX/texmf-dist/tex/latex/gra
phics-cfg/graphics.cfg
File: graphics.cfg 2016/06/04 v1.11 sample graphics configuration
)
Package graphics Info: Driver file: pdftex.def on input line 105.
)
\Gin@req@height=\dimen179
\Gin@req@width=\dimen180
)
(c:/Users/Victor Miguel Terron/AppData/Roaming/TinyTeX/texmf-dist/tex/latex/grf
file/grffile.sty
Package: grffile 2019/11/11 v2.1 Extended file name support for graphics (legac
y)
Package grffile Info: This package is an empty stub for compatibility on input 
line 40.
)
(c:/Users/Victor Miguel Terron/AppData/Roaming/TinyTeX/texmf-dist/tex/latex/l3b
ackend/l3backend-pdftex.def
File: l3backend-pdftex.def 2021-01-09 L3 backend support: PDF output (pdfTeX)
\l__kernel_color_stack_int=\count289
\l__pdf_internal_box=\box55
) (./SESSION4-SUMMARY.aux)
\openout1 = `SESSION4-SUMMARY.aux'.

LaTeX Font Info:    Checking defaults for OML/cmm/m/it on input line 116.
LaTeX Font Info:    ... okay on input line 116.
LaTeX Font Info:    Checking defaults for OMS/cmsy/m/n on input line 116.
LaTeX Font Info:    ... okay on input line 116.
LaTeX Font Info:    Checking defaults for OT1/cmr/m/n on input line 116.
LaTeX Font Info:    ... okay on input line 116.
LaTeX Font Info:    Checking defaults for T1/cmr/m/n on input line 116.
LaTeX Font Info:    ... okay on input line 116.
LaTeX Font Info:    Checking defaults for TS1/cmr/m/n on input line 116.
LaTeX Font Info:    ... okay on input line 116.
LaTeX Font Info:    Checking defaults for OMX/cmex/m/n on input line 116.
LaTeX Font Info:    ... okay on input line 116.
LaTeX Font Info:    Checking defaults for U/cmr/m/n on input line 116.
LaTeX Font Info:    ... okay on input line 116.
LaTeX Font Info:    Checking defaults for PD1/pdf/m/n on input line 116.
LaTeX Font Info:    ... okay on input line 116.
LaTeX Font Info:    Checking defaults for PU/pdf/m/n on input line 116.
LaTeX Font Info:    ... okay on input line 116.

(c:/Users/Victor Miguel Terron/AppData/Roaming/TinyTeX/texmf-dist/tex/latex/eps
topdf-pkg/epstopdf-base.sty
Package: epstopdf-base 2020-01-24 v2.11 Base part for package epstopdf
Package epstopdf-base Info: Redefining graphics rule for `.eps' on input line 4
85.

(c:/Users/Victor Miguel Terron/AppData/Roaming/TinyTeX/texmf-dist/tex/latex/lat
exconfig/epstopdf-sys.cfg
File: epstopdf-sys.cfg 2010/07/13 v1.3 Configuration of (r)epstopdf for TeX Liv
e
))
Package hyperref Info: Link coloring OFF on input line 116.

(c:/Users/Victor Miguel Terron/AppData/Roaming/TinyTeX/texmf-dist/tex/latex/hyp
erref/nameref.sty
Package: nameref 2019/09/16 v2.46 Cross-referencing by name of section

(c:/Users/Victor Miguel Terron/AppData/Roaming/TinyTeX/texmf-dist/tex/latex/ref
count/refcount.sty
Package: refcount 2019/12/15 v3.6 Data extraction from label references (HO)
)
(c:/Users/Victor Miguel Terron/AppData/Roaming/TinyTeX/texmf-dist/tex/generic/g
ettitlestring/gettitlestring.sty
Package: gettitlestring 2019/12/15 v1.6 Cleanup title references (HO)
)
\c@section@level=\count290
)
LaTeX Info: Redefining \ref on input line 116.
LaTeX Info: Redefining \pageref on input line 116.
LaTeX Info: Redefining \nameref on input line 116.
(./SESSION4-SUMMARY.out) (./SESSION4-SUMMARY.out)
\@outlinefile=\write4
\openout4 = `SESSION4-SUMMARY.out'.

*geometry* driver: auto-detecting
*geometry* detected driver: pdftex
*geometry* verbose mode - [ preamble ] result:
* driver: pdftex
* paper: <default>
* layout: <same size as paper>
* layoutoffset:(h,v)=(0.0pt,0.0pt)
* modes: 
* h-part:(L,W,R)=(72.26999pt, 469.75502pt, 72.26999pt)
* v-part:(T,H,B)=(72.26999pt, 650.43001pt, 72.26999pt)
* \paperwidth=614.295pt
* \paperheight=794.96999pt
* \textwidth=469.75502pt
* \textheight=650.43001pt
* \oddsidemargin=0.0pt
* \evensidemargin=0.0pt
* \topmargin=-37.0pt
* \headheight=12.0pt
* \headsep=25.0pt
* \topskip=10.0pt
* \footskip=30.0pt
* \marginparwidth=65.0pt
* \marginparsep=11.0pt
* \columnsep=10.0pt
* \skip\footins=9.0pt plus 4.0pt minus 2.0pt
* \hoffset=0.0pt
* \voffset=0.0pt
* \mag=1000
* \@twocolumnfalse
* \@twosidefalse
* \@mparswitchfalse
* \@reversemarginfalse
* (1in=72.27pt=25.4mm, 1cm=28.453pt)

LaTeX Font Info:    Trying to load font information for OT1+lmr on input line 1
18.

(c:/Users/Victor Miguel Terron/AppData/Roaming/TinyTeX/texmf-dist/tex/latex/lm/
ot1lmr.fd
File: ot1lmr.fd 2009/10/30 v1.6 Font defs for Latin Modern
)
LaTeX Font Info:    Trying to load font information for OML+lmm on input line 1
18.

(c:/Users/Victor Miguel Terron/AppData/Roaming/TinyTeX/texmf-dist/tex/latex/lm/
omllmm.fd
File: omllmm.fd 2009/10/30 v1.6 Font defs for Latin Modern
)
LaTeX Font Info:    Trying to load font information for OMS+lmsy on input line 
118.

(c:/Users/Victor Miguel Terron/AppData/Roaming/TinyTeX/texmf-dist/tex/latex/lm/
omslmsy.fd
File: omslmsy.fd 2009/10/30 v1.6 Font defs for Latin Modern
)
LaTeX Font Info:    Trying to load font information for OMX+lmex on input line 
118.

(c:/Users/Victor Miguel Terron/AppData/Roaming/TinyTeX/texmf-dist/tex/latex/lm/
omxlmex.fd
File: omxlmex.fd 2009/10/30 v1.6 Font defs for Latin Modern
)
LaTeX Font Info:    External font `lmex10' loaded for size
(Font)              <12> on input line 118.
LaTeX Font Info:    External font `lmex10' loaded for size
(Font)              <8> on input line 118.
LaTeX Font Info:    External font `lmex10' loaded for size
(Font)              <6> on input line 118.
LaTeX Font Info:    Trying to load font information for U+msa on input line 118
.

(c:/Users/Victor Miguel Terron/AppData/Roaming/TinyTeX/texmf-dist/tex/latex/ams
fonts/umsa.fd
File: umsa.fd 2013/01/14 v3.01 AMS symbols A
)
LaTeX Font Info:    Trying to load font information for U+msb on input line 118
.

(c:/Users/Victor Miguel Terron/AppData/Roaming/TinyTeX/texmf-dist/tex/latex/ams
fonts/umsb.fd
File: umsb.fd 2013/01/14 v3.01 AMS symbols B
)
LaTeX Font Info:    External font `lmex10' loaded for size
(Font)              <10> on input line 132.
LaTeX Font Info:    External font `lmex10' loaded for size
(Font)              <7> on input line 132.
LaTeX Font Info:    External font `lmex10' loaded for size
(Font)              <5> on input line 132.
[1

{c:/Users/Victor Miguel Terron/AppData/Roaming/TinyTeX/texmf-var/fonts/map/pdft
ex/updmap/pdftex.map}]
LaTeX Font Info:    Trying to load font information for TS1+lmr on input line 2
07.

(c:/Users/Victor Miguel Terron/AppData/Roaming/TinyTeX/texmf-dist/tex/latex/lm/
ts1lmr.fd
File: ts1lmr.fd 2009/10/30 v1.6 Font defs for Latin Modern
)
<C:/users/Victor miguel terron/Documents/dnorm.png, id=235, 473.77pt x 466.7437
4pt>
File: C:/users/Victor miguel terron/Documents/dnorm.png Graphic file (type png)

<use C:/users/Victor miguel terron/Documents/dnorm.png>
Package pdftex.def Info: C:/users/Victor miguel terron/Documents/dnorm.png  use
d on input line 224.
(pdftex.def)             Requested size: 469.77112pt x 462.80417pt.
[2] [3 <c:/Users/Victor Miguel Terron/Documents/dnorm.png>]
<C:/Users/Victor Miguel Terron/Documents/student7.png, id=252, 473.77pt x 466.7
4374pt>
File: C:/Users/Victor Miguel Terron/Documents/student7.png Graphic file (type p
ng)
<use C:/Users/Victor Miguel Terron/Documents/student7.png>
Package pdftex.def Info: C:/Users/Victor Miguel Terron/Documents/student7.png  
used on input line 277.
(pdftex.def)             Requested size: 469.77112pt x 462.80417pt.

LaTeX Warning: Command \textellipsis invalid in math mode on input line 285.

<C:/Users/Victor Miguel Terron/Documents/defini.png, id=253, 794.97pt x 144.54p
t>
File: C:/Users/Victor Miguel Terron/Documents/defini.png Graphic file (type png
)
<use C:/Users/Victor Miguel Terron/Documents/defini.png>
Package pdftex.def Info: C:/Users/Victor Miguel Terron/Documents/defini.png  us
ed on input line 311.
(pdftex.def)             Requested size: 469.76819pt x 85.41238pt.

Underfull \hbox (badness 1210) in paragraph at lines 308--312
\T1/lmr/bx/n/10 DEFINICIÓN \T1/lmr/m/n/10 Un es-ti-mador es una regla, a menudo
 ex-pre-sada como una fór-mula, que in-dica
 []

<C:/users/Victor Miguel Terron/Documents/segundo.png, id=255, 665.48625pt x 443
.6575pt>
File: C:/users/Victor Miguel Terron/Documents/segundo.png Graphic file (type pn
g)
<use C:/users/Victor Miguel Terron/Documents/segundo.png>
Package pdftex.def Info: C:/users/Victor Miguel Terron/Documents/segundo.png  u
sed on input line 315.
(pdftex.def)             Requested size: 469.75682pt x 313.1712pt.
[4] [5 <c:/Users/Victor Miguel Terron/Documents/student7.png>]
<C:/Users/Victor Miguel Terron/Documents/tercero.png, id=268, 580.1675pt x 319.
1925pt>
File: C:/Users/Victor Miguel Terron/Documents/tercero.png Graphic file (type pn
g)
<use C:/Users/Victor Miguel Terron/Documents/tercero.png>
Package pdftex.def Info: C:/Users/Victor Miguel Terron/Documents/tercero.png  u
sed on input line 326.
(pdftex.def)             Requested size: 469.75603pt x 258.44708pt.
<C:/Users/Victor Miguel Terron/Documents/errores.png, id=269, 513.92pt x 259.97
125pt>
File: C:/Users/Victor Miguel Terron/Documents/errores.png Graphic file (type pn
g)
<use C:/Users/Victor Miguel Terron/Documents/errores.png>
Package pdftex.def Info: C:/Users/Victor Miguel Terron/Documents/errores.png  u
sed on input line 327.
(pdftex.def)             Requested size: 469.76167pt x 237.63335pt.
[6 <c:/Users/Victor Miguel Terron/Documents/defini.png> <c:/Users/Victor Miguel
 Terron/Documents/segundo.png>]

LaTeX Warning: Command \textellipsis invalid in math mode on input line 334.

<C:/Users/Victor Miguel Terron/Documents/contra.png, id=278, 208.78pt x 187.701
25pt>
File: C:/Users/Victor Miguel Terron/Documents/contra.png Graphic file (type png
)
<use C:/Users/Victor Miguel Terron/Documents/contra.png>
Package pdftex.def Info: C:/Users/Victor Miguel Terron/Documents/contra.png  us
ed on input line 342.
(pdftex.def)             Requested size: 208.7922pt x 187.71223pt.
<C:/Users/Victor Miguel Terron/Documents/lc.png, id=279, 820.06375pt x 389.455p
t>
File: C:/Users/Victor Miguel Terron/Documents/lc.png Graphic file (type png)
<use C:/Users/Victor Miguel Terron/Documents/lc.png>
Package pdftex.def Info: C:/Users/Victor Miguel Terron/Documents/lc.png  used o
n input line 346.
(pdftex.def)             Requested size: 469.76865pt x 223.09697pt.
[7 <c:/Users/Victor Miguel Terron/Documents/tercero.png> <c:/Users/Victor Migue
l Terron/Documents/errores.png>]
<C:/Users/Victor Miguel Terron/Documents/Contras.png, id=287, 771.88374pt x 346
.29375pt>
File: C:/Users/Victor Miguel Terron/Documents/Contras.png Graphic file (type pn
g)
<use C:/Users/Victor Miguel Terron/Documents/Contras.png>
Package pdftex.def Info: C:/Users/Victor Miguel Terron/Documents/Contras.png  u
sed on input line 356.
(pdftex.def)             Requested size: 469.75304pt x 210.74745pt.
<C:/Users/Victor Miguel Terron/Documents/after.png, id=288, 933.4875pt x 316.18
124pt>
File: C:/Users/Victor Miguel Terron/Documents/after.png Graphic file (type png)

<use C:/Users/Victor Miguel Terron/Documents/after.png>
Package pdftex.def Info: C:/Users/Victor Miguel Terron/Documents/after.png  use
d on input line 371.
(pdftex.def)             Requested size: 469.7623pt x 159.11302pt.
<C:/Users/Victor Miguel Terron/Documents/after1.png, id=289, 964.60374pt x 416.
55624pt>
File: C:/Users/Victor Miguel Terron/Documents/after1.png Graphic file (type png
)
<use C:/Users/Victor Miguel Terron/Documents/after1.png>
Package pdftex.def Info: C:/Users/Victor Miguel Terron/Documents/after1.png  us
ed on input line 377.
(pdftex.def)             Requested size: 469.74568pt x 202.85582pt.
<C:/Users/Victor Miguel Terron/Documents/after2.png, id=290, 761.84625pt x 456.
70625pt>
File: C:/Users/Victor Miguel Terron/Documents/after2.png Graphic file (type png
)
<use C:/Users/Victor Miguel Terron/Documents/after2.png>
Package pdftex.def Info: C:/Users/Victor Miguel Terron/Documents/after2.png  us
ed on input line 383.
(pdftex.def)             Requested size: 469.74745pt x 281.6009pt.
<C:/Users/Victor Miguel Terron/Documents/after3.png, id=291, 865.2325pt x 398.4
8875pt>
File: C:/Users/Victor Miguel Terron/Documents/after3.png Graphic file (type png
)
<use C:/Users/Victor Miguel Terron/Documents/after3.png>
Package pdftex.def Info: C:/Users/Victor Miguel Terron/Documents/after3.png  us
ed on input line 389.
(pdftex.def)             Requested size: 469.75345pt x 216.34816pt.
[8 <c:/Users/Victor Miguel Terron/Documents/contra.png> <c:/Users/Victor Miguel
 Terron/Documents/lc.png>] [9 <c:/Users/Victor Miguel Terron/Documents/Contras.
png> <c:/Users/Victor Miguel Terron/Documents/after.png>] [10 <c:/Users/Victor 
Miguel Terron/Documents/after1.png> <c:/Users/Victor Miguel Terron/Documents/af
ter2.png>]
LaTeX Font Info:    Trying to load font information for T1+lmtt on input line 4
43.

(c:/Users/Victor Miguel Terron/AppData/Roaming/TinyTeX/texmf-dist/tex/latex/lm/
t1lmtt.fd
File: t1lmtt.fd 2009/10/30 v1.6 Font defs for Latin Modern
) [11 <c:/Users/Victor Miguel Terron/Documents/after3.png>]
LaTeX Font Info:    Font shape `T1/lmtt/bx/n' in size <10> not available
(Font)              Font shape `T1/lmtt/b/n' tried instead on input line 453.
[12] [13] [14]
<SESSION4-SUMMARY_files/figure-latex/frpp-1.pdf, id=348, 469.755pt x 325.215pt>

File: SESSION4-SUMMARY_files/figure-latex/frpp-1.pdf Graphic file (type pdf)
<use SESSION4-SUMMARY_files/figure-latex/frpp-1.pdf>
Package pdftex.def Info: SESSION4-SUMMARY_files/figure-latex/frpp-1.pdf  used o
n input line 700.
(pdftex.def)             Requested size: 469.75386pt x 325.2142pt.
[15 <./SESSION4-SUMMARY_files/figure-latex/frpp-1.pdf>] [16]
<SESSION4-SUMMARY_files/figure-latex/edwl-1.pdf, id=366, 469.755pt x 325.215pt>

File: SESSION4-SUMMARY_files/figure-latex/edwl-1.pdf Graphic file (type pdf)
<use SESSION4-SUMMARY_files/figure-latex/edwl-1.pdf>
Package pdftex.def Info: SESSION4-SUMMARY_files/figure-latex/edwl-1.pdf  used o
n input line 785.
(pdftex.def)             Requested size: 469.75386pt x 325.2142pt.
[17 <./SESSION4-SUMMARY_files/figure-latex/edwl-1.pdf>]
<SESSION4-SUMMARY_files/figure-latex/edwl-2.pdf, id=378, 469.755pt x 325.215pt>

File: SESSION4-SUMMARY_files/figure-latex/edwl-2.pdf Graphic file (type pdf)
<use SESSION4-SUMMARY_files/figure-latex/edwl-2.pdf>
Package pdftex.def Info: SESSION4-SUMMARY_files/figure-latex/edwl-2.pdf  used o
n input line 867.
(pdftex.def)             Requested size: 469.75386pt x 325.2142pt.
[18]
<SESSION4-SUMMARY_files/figure-latex/pconj-1.pdf, id=383, 469.755pt x 325.215pt
>
File: SESSION4-SUMMARY_files/figure-latex/pconj-1.pdf Graphic file (type pdf)
<use SESSION4-SUMMARY_files/figure-latex/pconj-1.pdf>
Package pdftex.def Info: SESSION4-SUMMARY_files/figure-latex/pconj-1.pdf  used 
on input line 900.
(pdftex.def)             Requested size: 469.75386pt x 325.2142pt.
[19 <./SESSION4-SUMMARY_files/figure-latex/edwl-2.pdf>]
<SESSION4-SUMMARY_files/figure-latex/geq-1.pdf, id=396, 469.755pt x 325.215pt>
File: SESSION4-SUMMARY_files/figure-latex/geq-1.pdf Graphic file (type pdf)
<use SESSION4-SUMMARY_files/figure-latex/geq-1.pdf>
Package pdftex.def Info: SESSION4-SUMMARY_files/figure-latex/geq-1.pdf  used on
 input line 932.
(pdftex.def)             Requested size: 469.75386pt x 325.2142pt.
[20 <./SESSION4-SUMMARY_files/figure-latex/pconj-1.pdf>] [21 <./SESSION4-SUMMAR
Y_files/figure-latex/geq-1.pdf>]
<SESSION4-SUMMARY_files/figure-latex/c75-1.pdf, id=420, 469.755pt x 325.215pt>
File: SESSION4-SUMMARY_files/figure-latex/c75-1.pdf Graphic file (type pdf)
<use SESSION4-SUMMARY_files/figure-latex/c75-1.pdf>
Package pdftex.def Info: SESSION4-SUMMARY_files/figure-latex/c75-1.pdf  used on
 input line 988.
(pdftex.def)             Requested size: 469.75386pt x 325.2142pt.
[22 <./SESSION4-SUMMARY_files/figure-latex/c75-1.pdf>]
<SESSION4-SUMMARY_files/figure-latex/hisatorial-1.pdf, id=433, 469.755pt x 325.
215pt>
File: SESSION4-SUMMARY_files/figure-latex/hisatorial-1.pdf Graphic file (type p
df)
<use SESSION4-SUMMARY_files/figure-latex/hisatorial-1.pdf>
Package pdftex.def Info: SESSION4-SUMMARY_files/figure-latex/hisatorial-1.pdf  
used on input line 1052.
(pdftex.def)             Requested size: 469.75386pt x 325.2142pt.
[23 <./SESSION4-SUMMARY_files/figure-latex/hisatorial-1.pdf>]
<SESSION4-SUMMARY_files/figure-latex/regempi-1.pdf, id=447, 469.755pt x 325.215
pt>
File: SESSION4-SUMMARY_files/figure-latex/regempi-1.pdf Graphic file (type pdf)

<use SESSION4-SUMMARY_files/figure-latex/regempi-1.pdf>
Package pdftex.def Info: SESSION4-SUMMARY_files/figure-latex/regempi-1.pdf  use
d on input line 1103.
(pdftex.def)             Requested size: 469.75386pt x 325.2142pt.
[24]

Package hyperref Warning: Difference (2) between bookmark levels is greater 
(hyperref)                than one, level fixed on input line 1118.

<SESSION4-SUMMARY_files/figure-latex/fdens-1.pdf, id=452, 469.755pt x 325.215pt
>
File: SESSION4-SUMMARY_files/figure-latex/fdens-1.pdf Graphic file (type pdf)
<use SESSION4-SUMMARY_files/figure-latex/fdens-1.pdf>
Package pdftex.def Info: SESSION4-SUMMARY_files/figure-latex/fdens-1.pdf  used 
on input line 1131.
(pdftex.def)             Requested size: 469.75386pt x 325.2142pt.
[25 <./SESSION4-SUMMARY_files/figure-latex/regempi-1.pdf>]
<SESSION4-SUMMARY_files/figure-latex/rco-1.pdf, id=467, 469.755pt x 325.215pt>
File: SESSION4-SUMMARY_files/figure-latex/rco-1.pdf Graphic file (type pdf)
<use SESSION4-SUMMARY_files/figure-latex/rco-1.pdf>
Package pdftex.def Info: SESSION4-SUMMARY_files/figure-latex/rco-1.pdf  used on
 input line 1161.
(pdftex.def)             Requested size: 469.75386pt x 325.2142pt.
[26 <./SESSION4-SUMMARY_files/figure-latex/fdens-1.pdf>]
<SESSION4-SUMMARY_files/figure-latex/observacione-1.pdf, id=479, 469.755pt x 32
5.215pt>
File: SESSION4-SUMMARY_files/figure-latex/observacione-1.pdf Graphic file (type
 pdf)
<use SESSION4-SUMMARY_files/figure-latex/observacione-1.pdf>
Package pdftex.def Info: SESSION4-SUMMARY_files/figure-latex/observacione-1.pdf
  used on input line 1189.
(pdftex.def)             Requested size: 469.75386pt x 325.2142pt.
[27 <./SESSION4-SUMMARY_files/figure-latex/rco-1.pdf>]
<SESSION4-SUMMARY_files/figure-latex/CUANT-1.pdf, id=490, 469.755pt x 325.215pt
>
File: SESSION4-SUMMARY_files/figure-latex/CUANT-1.pdf Graphic file (type pdf)
<use SESSION4-SUMMARY_files/figure-latex/CUANT-1.pdf>
Package pdftex.def Info: SESSION4-SUMMARY_files/figure-latex/CUANT-1.pdf  used 
on input line 1234.
(pdftex.def)             Requested size: 469.75386pt x 325.2142pt.
[28 <./SESSION4-SUMMARY_files/figure-latex/observacione-1.pdf>] [29 <./SESSION4
-SUMMARY_files/figure-latex/CUANT-1.pdf>]
<SESSION4-SUMMARY_files/figure-latex/TSTUDENT-1.pdf, id=513, 469.755pt x 325.21
5pt>
File: SESSION4-SUMMARY_files/figure-latex/TSTUDENT-1.pdf Graphic file (type pdf
)
<use SESSION4-SUMMARY_files/figure-latex/TSTUDENT-1.pdf>
Package pdftex.def Info: SESSION4-SUMMARY_files/figure-latex/TSTUDENT-1.pdf  us
ed on input line 1289.
(pdftex.def)             Requested size: 469.75386pt x 325.2142pt.
[30 <./SESSION4-SUMMARY_files/figure-latex/TSTUDENT-1.pdf>] [31] [32]
<SESSION4-SUMMARY_files/figure-latex/ploteo-1.pdf, id=550, 469.755pt x 325.215p
t>
File: SESSION4-SUMMARY_files/figure-latex/ploteo-1.pdf Graphic file (type pdf)
<use SESSION4-SUMMARY_files/figure-latex/ploteo-1.pdf>
Package pdftex.def Info: SESSION4-SUMMARY_files/figure-latex/ploteo-1.pdf  used
 on input line 1473.
(pdftex.def)             Requested size: 469.75386pt x 325.2142pt.
[33 <./SESSION4-SUMMARY_files/figure-latex/ploteo-1.pdf>]
<SESSION4-SUMMARY_files/figure-latex/ploteo-2.pdf, id=560, 469.755pt x 325.215p
t>
File: SESSION4-SUMMARY_files/figure-latex/ploteo-2.pdf Graphic file (type pdf)
<use SESSION4-SUMMARY_files/figure-latex/ploteo-2.pdf>
Package pdftex.def Info: SESSION4-SUMMARY_files/figure-latex/ploteo-2.pdf  used
 on input line 1589.
(pdftex.def)             Requested size: 469.75386pt x 325.2142pt.
[34] [35 <./SESSION4-SUMMARY_files/figure-latex/ploteo-2.pdf>]
<SESSION4-SUMMARY_files/figure-latex/EJ2S4-1.pdf, id=580, 469.755pt x 325.215pt
>
File: SESSION4-SUMMARY_files/figure-latex/EJ2S4-1.pdf Graphic file (type pdf)
<use SESSION4-SUMMARY_files/figure-latex/EJ2S4-1.pdf>
Package pdftex.def Info: SESSION4-SUMMARY_files/figure-latex/EJ2S4-1.pdf  used 
on input line 1652.
(pdftex.def)             Requested size: 469.75386pt x 325.2142pt.

Overfull \hbox (65.74342pt too wide) in paragraph at lines 1662--1662
[]\T1/lmtt/m/n/10 [1] "Ahora obtenemos una muestra aleatoria de tamaño n = 4 de
 la distribución exponencial considerada"[] 
 []

[36 <./SESSION4-SUMMARY_files/figure-latex/EJ2S4-1.pdf>]
Overfull \hbox (39.4935pt too wide) in paragraph at lines 1747--1747
[]\T1/lmtt/m/n/10 [1] "Ahora obtenemos 1000 muestras de tamaño 7 y las 1000 med
ias correspondientes a las muestras"[] 
 []

[37]
<SESSION4-SUMMARY_files/figure-latex/EJ2S4-2.pdf, id=598, 469.755pt x 325.215pt
>
File: SESSION4-SUMMARY_files/figure-latex/EJ2S4-2.pdf Graphic file (type pdf)
<use SESSION4-SUMMARY_files/figure-latex/EJ2S4-2.pdf>
Package pdftex.def Info: SESSION4-SUMMARY_files/figure-latex/EJ2S4-2.pdf  used 
on input line 1797.
(pdftex.def)             Requested size: 469.75386pt x 325.2142pt.
[38 <./SESSION4-SUMMARY_files/figure-latex/EJ2S4-2.pdf>]
Overfull \hbox (44.74348pt too wide) in paragraph at lines 1839--1839
[]\T1/lmtt/m/n/10 [1] "Ahora obtenemos 1000 muestras de tamaño 33 y las 1000 me
dias correspondientes a las muestras"[] 
 []

<SESSION4-SUMMARY_files/figure-latex/EJ2S4-3.pdf, id=611, 469.755pt x 325.215pt
>
File: SESSION4-SUMMARY_files/figure-latex/EJ2S4-3.pdf Graphic file (type pdf)
<use SESSION4-SUMMARY_files/figure-latex/EJ2S4-3.pdf>
Package pdftex.def Info: SESSION4-SUMMARY_files/figure-latex/EJ2S4-3.pdf  used 
on input line 1889.
(pdftex.def)             Requested size: 469.75386pt x 325.2142pt.
[39]
Overfull \hbox (49.99347pt too wide) in paragraph at lines 1931--1931
[]\T1/lmtt/m/n/10 [1] "Ahora obtenemos 1000 muestras de tamaño 400 y las 1000 m
edias correspondientes a las muestras"[] 
 []

[40 <./SESSION4-SUMMARY_files/figure-latex/EJ2S4-3.pdf>]
<SESSION4-SUMMARY_files/figure-latex/EJ2S4-4.pdf, id=628, 469.755pt x 325.215pt
>
File: SESSION4-SUMMARY_files/figure-latex/EJ2S4-4.pdf Graphic file (type pdf)
<use SESSION4-SUMMARY_files/figure-latex/EJ2S4-4.pdf>
Package pdftex.def Info: SESSION4-SUMMARY_files/figure-latex/EJ2S4-4.pdf  used 
on input line 1981.
(pdftex.def)             Requested size: 469.75386pt x 325.2142pt.
[41 <./SESSION4-SUMMARY_files/figure-latex/EJ2S4-4.pdf>]
Overfull \hbox (18.49356pt too wide) in paragraph at lines 2076--2076
[]\T1/lmtt/m/n/10 [1] "Consideremos una variable aleatoria X con distribución e
xponencial y parametro lambda=3"[] 
 []

[42]
<SESSION4-SUMMARY_files/figure-latex/ej3s4-1.pdf, id=649, 469.755pt x 325.215pt
>
File: SESSION4-SUMMARY_files/figure-latex/ej3s4-1.pdf Graphic file (type pdf)
<use SESSION4-SUMMARY_files/figure-latex/ej3s4-1.pdf>
Package pdftex.def Info: SESSION4-SUMMARY_files/figure-latex/ej3s4-1.pdf  used 
on input line 2091.
(pdftex.def)             Requested size: 469.75386pt x 325.2142pt.

Overfull \hbox (76.2434pt too wide) in paragraph at lines 2101--2101
[]\T1/lmtt/m/n/10 [1] "Obtenemos 1200 muestras aleatorias de tamaño 350 y las 1
200 medias correspondientes a las muestras"[] 
 []

[43 <./SESSION4-SUMMARY_files/figure-latex/ej3s4-1.pdf>]
<SESSION4-SUMMARY_files/figure-latex/ej3s4-2.pdf, id=662, 469.755pt x 325.215pt
>
File: SESSION4-SUMMARY_files/figure-latex/ej3s4-2.pdf Graphic file (type pdf)
<use SESSION4-SUMMARY_files/figure-latex/ej3s4-2.pdf>
Package pdftex.def Info: SESSION4-SUMMARY_files/figure-latex/ej3s4-2.pdf  used 
on input line 2154.
(pdftex.def)             Requested size: 469.75386pt x 325.2142pt.
[44 <./SESSION4-SUMMARY_files/figure-latex/ej3s4-2.pdf>]
Overfull \hbox (480.49222pt too wide) in paragraph at lines 2199--2199
[]\T1/lmtt/m/n/10 [1] "ENSAYO BERNOULLI Con las siguientes instrucciones obtene
mos un solo valor, en donde el 0 (fracaso) puede ocurrir con probabilidad 0.45 
y el 1 (éxito) con probabilidad p = 0.55"[] 
 []

[45]
<SESSION4-SUMMARY_files/figure-latex/ej3s4-3.pdf, id=679, 469.755pt x 325.215pt
>
File: SESSION4-SUMMARY_files/figure-latex/ej3s4-3.pdf Graphic file (type pdf)
<use SESSION4-SUMMARY_files/figure-latex/ej3s4-3.pdf>
Package pdftex.def Info: SESSION4-SUMMARY_files/figure-latex/ej3s4-3.pdf  used 
on input line 2283.
(pdftex.def)             Requested size: 469.75386pt x 325.2142pt.
[46 <./SESSION4-SUMMARY_files/figure-latex/ej3s4-3.pdf>]
Overfull \hbox (737.74147pt too wide) in paragraph at lines 2325--2325
[]\T1/lmtt/m/n/10 [1] "Obtenemos 1150 muestras aleatorias de tamaño n1 = 54 de 
una distribución exponencial con parámetro lambda1 = 3.2 y otras 1150 muestras 
aleatorias de tamaño n2 = 41 de una distribución exponencial con parámetro lamb
da2 = 1.5."[] 
 []

<SESSION4-SUMMARY_files/figure-latex/ej3s4-4.pdf, id=692, 469.755pt x 325.215pt
>
File: SESSION4-SUMMARY_files/figure-latex/ej3s4-4.pdf Graphic file (type pdf)
<use SESSION4-SUMMARY_files/figure-latex/ej3s4-4.pdf>
Package pdftex.def Info: SESSION4-SUMMARY_files/figure-latex/ej3s4-4.pdf  used 
on input line 2378.
(pdftex.def)             Requested size: 469.75386pt x 325.2142pt.
[47]
Overfull \hbox (364.99255pt too wide) in paragraph at lines 2420--2420
[]\T1/lmtt/m/n/10 [1] "Obtenemos 1100 muestras de tamaño n1 = 48 de una v.a. Be
rnoulli con p1 = 0.65 y otras 1100 muestras de tamaño n2 = 35 de una v.a. Berno
ulli con p2 = 0.53"[] 
 []

[48 <./SESSION4-SUMMARY_files/figure-latex/ej3s4-4.pdf>]
<SESSION4-SUMMARY_files/figure-latex/ej3s4-5.pdf, id=709, 469.755pt x 325.215pt
>
File: SESSION4-SUMMARY_files/figure-latex/ej3s4-5.pdf Graphic file (type pdf)
<use SESSION4-SUMMARY_files/figure-latex/ej3s4-5.pdf>
Package pdftex.def Info: SESSION4-SUMMARY_files/figure-latex/ej3s4-5.pdf  used 
on input line 2476.
(pdftex.def)             Requested size: 469.75386pt x 325.2142pt.
[49] [50 <./SESSION4-SUMMARY_files/figure-latex/ej3s4-5.pdf>] [51] [52]
<SESSION4-SUMMARY_files/figure-latex/EJ4S4-1.pdf, id=749, 469.755pt x 325.215pt
>
File: SESSION4-SUMMARY_files/figure-latex/EJ4S4-1.pdf Graphic file (type pdf)
<use SESSION4-SUMMARY_files/figure-latex/EJ4S4-1.pdf>
Package pdftex.def Info: SESSION4-SUMMARY_files/figure-latex/EJ4S4-1.pdf  used 
on input line 2782.
(pdftex.def)             Requested size: 469.75386pt x 325.2142pt.
[53] [54 <./SESSION4-SUMMARY_files/figure-latex/EJ4S4-1.pdf>] [55] [56]
<SESSION4-SUMMARY_files/figure-latex/EJ4S4-2.pdf, id=774, 469.755pt x 325.215pt
>
File: SESSION4-SUMMARY_files/figure-latex/EJ4S4-2.pdf Graphic file (type pdf)
<use SESSION4-SUMMARY_files/figure-latex/EJ4S4-2.pdf>
Package pdftex.def Info: SESSION4-SUMMARY_files/figure-latex/EJ4S4-2.pdf  used 
on input line 3018.
(pdftex.def)             Requested size: 469.75386pt x 325.2142pt.
[57 <./SESSION4-SUMMARY_files/figure-latex/EJ4S4-2.pdf>]
<SESSION4-SUMMARY_files/figure-latex/EJ4S4-3.pdf, id=786, 469.755pt x 325.215pt
>
File: SESSION4-SUMMARY_files/figure-latex/EJ4S4-3.pdf Graphic file (type pdf)
<use SESSION4-SUMMARY_files/figure-latex/EJ4S4-3.pdf>
Package pdftex.def Info: SESSION4-SUMMARY_files/figure-latex/EJ4S4-3.pdf  used 
on input line 3116.
(pdftex.def)             Requested size: 469.75386pt x 325.2142pt.
[58] [59 <./SESSION4-SUMMARY_files/figure-latex/EJ4S4-3.pdf>] [60] [61] (./SESS
ION4-SUMMARY.aux)
Package rerunfilecheck Info: File `SESSION4-SUMMARY.out' has not changed.
(rerunfilecheck)             Checksum: 3DD994655FAE5FFD6CBAC803BBFB3D81;9255.
 ) 
Here is how much of TeX's memory you used:
 11977 strings out of 481252
 184161 string characters out of 5912817
 469652 words of memory out of 5000000
 28480 multiletter control sequences out of 15000+600000
 450036 words of font info for 69 fonts, out of 8000000 for 9000
 14 hyphenation exceptions out of 8191
 71i,8n,74p,658b,468s stack positions out of 5000i,500n,10000p,200000b,80000s
{c:/Users/Victor Miguel Terron/AppData/Roaming/TinyTeX/texmf-dist/fonts/enc/d
vips/lm/lm-ec.enc}{c:/Users/Victor Miguel Terron/AppData/Roaming/TinyTeX/texmf-
dist/fonts/enc/dvips/lm/lm-mathit.enc}{c:/Users/Victor Miguel Terron/AppData/Ro
aming/TinyTeX/texmf-dist/fonts/enc/dvips/lm/lm-ts1.enc}{c:/Users/Victor Miguel 
Terron/AppData/Roaming/TinyTeX/texmf-dist/fonts/enc/dvips/lm/lm-rm.enc}{c:/User
s/Victor Miguel Terron/AppData/Roaming/TinyTeX/texmf-dist/fonts/enc/dvips/lm/lm
-mathsy.enc}{c:/Users/Victor Miguel Terron/AppData/Roaming/TinyTeX/texmf-dist/f
onts/enc/dvips/lm/lm-mathex.enc}<c:/Users/Victor Miguel Terron/AppData/Roaming/
TinyTeX/texmf-dist/fonts/type1/public/lm/lmbx10.pfb><c:/Users/Victor Miguel Ter
ron/AppData/Roaming/TinyTeX/texmf-dist/fonts/type1/public/lm/lmbx12.pfb><c:/Use
rs/Victor Miguel Terron/AppData/Roaming/TinyTeX/texmf-dist/fonts/type1/public/l
m/lmex10.pfb><c:/Users/Victor Miguel Terron/AppData/Roaming/TinyTeX/texmf-dist/
fonts/type1/public/lm/lmmi10.pfb><c:/Users/Victor Miguel Terron/AppData/Roaming
/TinyTeX/texmf-dist/fonts/type1/public/lm/lmmi12.pfb><c:/Users/Victor Miguel Te
rron/AppData/Roaming/TinyTeX/texmf-dist/fonts/type1/public/lm/lmmi7.pfb><c:/Use
rs/Victor Miguel Terron/AppData/Roaming/TinyTeX/texmf-dist/fonts/type1/public/l
m/lmr10.pfb><c:/Users/Victor Miguel Terron/AppData/Roaming/TinyTeX/texmf-dist/f
onts/type1/public/lm/lmr12.pfb><c:/Users/Victor Miguel Terron/AppData/Roaming/T
inyTeX/texmf-dist/fonts/type1/public/lm/lmr17.pfb><c:/Users/Victor Miguel Terro
n/AppData/Roaming/TinyTeX/texmf-dist/fonts/type1/public/lm/lmr7.pfb><c:/Users/V
ictor Miguel Terron/AppData/Roaming/TinyTeX/texmf-dist/fonts/type1/public/lm/lm
sy10.pfb><c:/Users/Victor Miguel Terron/AppData/Roaming/TinyTeX/texmf-dist/font
s/type1/public/lm/lmsy7.pfb><c:/Users/Victor Miguel Terron/AppData/Roaming/Tiny
TeX/texmf-dist/fonts/type1/public/lm/lmtk10.pfb><c:/Users/Victor Miguel Terron/
AppData/Roaming/TinyTeX/texmf-dist/fonts/type1/public/lm/lmtt10.pfb><c:/Users/V
ictor Miguel Terron/AppData/Roaming/TinyTeX/texmf-dist/fonts/type1/public/lm/lm
tti10.pfb>
Output written on SESSION4-SUMMARY.pdf (61 pages, 856082 bytes).
PDF statistics:
 911 PDF objects out of 1000 (max. 8388607)
 746 compressed objects within 8 object streams
 192 named destinations out of 1000 (max. 500000)
 617 words of extra memory for PDF output out of 10000 (max. 10000000)

